# JRE version: Java(TM) SE Runtime Environment (8.0_111-b14) (build 1.8.0_111-b14)
# Java VM: Java HotSpot(TM) 64-Bit Server VM (25.111-b14 mixed mode windows-amd64 compressed oops)
Heap:
 PSYoungGen      total 325120K, used 9147K [0x00000000d6180000, 0x00000000eb180000, 0x0000000100000000)
  eden space 310784K, 2% used [0x00000000d6180000,0x00000000d6a6eec8,0x00000000e9100000)
  from space 14336K, 0% used [0x00000000e9f80000,0x00000000e9f80000,0x00000000ead80000)
  to   space 14848K, 0% used [0x00000000e9100000,0x00000000e9100000,0x00000000e9f80000)
 ParOldGen       total 81920K, used 40524K [0x0000000082400000, 0x0000000087400000, 0x00000000d6180000)
  object space 81920K, 49% used [0x0000000082400000,0x0000000084b93248,0x0000000087400000)
 Metaspace       used 56840K, capacity 59020K, committed 59284K, reserved 1101824K
  class space    used 7203K, capacity 7617K, committed 7640K, reserved 1048576K
GC Heap History (10 events):
Event: 29.244 GC heap before
{Heap before GC invocations=15 (full 2):
 PSYoungGen      total 182272K, used 182167K [0x00000000d6180000, 0x00000000e2080000, 0x0000000100000000)
  eden space 172032K, 100% used [0x00000000d6180000,0x00000000e0980000,0x00000000e0980000)
  from space 10240K, 98% used [0x00000000e1680000,0x00000000e2065d70,0x00000000e2080000)
  to   space 11264K, 0% used [0x00000000e0a80000,0x00000000e0a80000,0x00000000e1580000)
 ParOldGen       total 81920K, used 17002K [0x0000000082400000, 0x0000000087400000, 0x00000000d6180000)
  object space 81920K, 20% used [0x0000000082400000,0x000000008349aa20,0x0000000087400000)
 Metaspace       used 48336K, capacity 50288K, committed 50520K, reserved 1093632K
  class space    used 6054K, capacity 6429K, committed 6488K, reserved 1048576K
Event: 29.270 GC heap after
Heap after GC invocations=15 (full 2):
 PSYoungGen      total 184320K, used 11262K [0x00000000d6180000, 0x00000000e5f00000, 0x0000000100000000)
  eden space 173056K, 0% used [0x00000000d6180000,0x00000000d6180000,0x00000000e0a80000)
  from space 11264K, 99% used [0x00000000e0a80000,0x00000000e157faa0,0x00000000e1580000)
  to   space 15360K, 0% used [0x00000000e5000000,0x00000000e5000000,0x00000000e5f00000)
 ParOldGen       total 81920K, used 24241K [0x0000000082400000, 0x0000000087400000, 0x00000000d6180000)
  object space 81920K, 29% used [0x0000000082400000,0x0000000083bac450,0x0000000087400000)
 Metaspace       used 48336K, capacity 50288K, committed 50520K, reserved 1093632K
  class space    used 6054K, capacity 6429K, committed 6488K, reserved 1048576K
}
Event: 36.695 GC heap before
{Heap before GC invocations=16 (full 2):
 PSYoungGen      total 184320K, used 184318K [0x00000000d6180000, 0x00000000e5f00000, 0x0000000100000000)
  eden space 173056K, 100% used [0x00000000d6180000,0x00000000e0a80000,0x00000000e0a80000)
  from space 11264K, 99% used [0x00000000e0a80000,0x00000000e157faa0,0x00000000e1580000)
  to   space 15360K, 0% used [0x00000000e5000000,0x00000000e5000000,0x00000000e5f00000)
 ParOldGen       total 81920K, used 24241K [0x0000000082400000, 0x0000000087400000, 0x00000000d6180000)
  object space 81920K, 29% used [0x0000000082400000,0x0000000083bac450,0x0000000087400000)
 Metaspace       used 53224K, capacity 55276K, committed 55512K, reserved 1097728K
  class space    used 6673K, capacity 7059K, committed 7128K, reserved 1048576K
Event: 36.794 GC heap after
Heap after GC invocations=16 (full 2):
 PSYoungGen      total 244736K, used 7694K [0x00000000d6180000, 0x00000000e5e80000, 0x0000000100000000)
  eden space 229888K, 0% used [0x00000000d6180000,0x00000000d6180000,0x00000000e4200000)
  from space 14848K, 51% used [0x00000000e5000000,0x00000000e57838a0,0x00000000e5e80000)
  to   space 14336K, 0% used [0x00000000e4200000,0x00000000e4200000,0x00000000e5000000)
 ParOldGen       total 81920K, used 30000K [0x0000000082400000, 0x0000000087400000, 0x00000000d6180000)
  object space 81920K, 36% used [0x0000000082400000,0x000000008414c0b8,0x0000000087400000)
 Metaspace       used 53224K, capacity 55276K, committed 55512K, reserved 1097728K
  class space    used 6673K, capacity 7059K, committed 7128K, reserved 1048576K
}
Event: 45.288 GC heap before
{Heap before GC invocations=17 (full 2):
 PSYoungGen      total 244736K, used 237582K [0x00000000d6180000, 0x00000000e5e80000, 0x0000000100000000)
  eden space 229888K, 100% used [0x00000000d6180000,0x00000000e4200000,0x00000000e4200000)
  from space 14848K, 51% used [0x00000000e5000000,0x00000000e57838a0,0x00000000e5e80000)
  to   space 14336K, 0% used [0x00000000e4200000,0x00000000e4200000,0x00000000e5000000)
 ParOldGen       total 81920K, used 30000K [0x0000000082400000, 0x0000000087400000, 0x00000000d6180000)
  object space 81920K, 36% used [0x0000000082400000,0x000000008414c0b8,0x0000000087400000)
 Metaspace       used 55422K, capacity 57574K, committed 57688K, reserved 1099776K
  class space    used 6981K, capacity 7416K, committed 7512K, reserved 1048576K
Event: 45.482 GC heap after
Heap after GC invocations=17 (full 2):
 PSYoungGen      total 244224K, used 8746K [0x00000000d6180000, 0x00000000ead80000, 0x0000000100000000)
  eden space 229888K, 0% used [0x00000000d6180000,0x00000000d6180000,0x00000000e4200000)
  from space 14336K, 61% used [0x00000000e4200000,0x00000000e4a8aad0,0x00000000e5000000)
  to   space 14336K, 0% used [0x00000000e9f80000,0x00000000e9f80000,0x00000000ead80000)
 ParOldGen       total 81920K, used 34592K [0x0000000082400000, 0x0000000087400000, 0x00000000d6180000)
  object space 81920K, 42% used [0x0000000082400000,0x00000000845c8108,0x0000000087400000)
 Metaspace       used 55422K, capacity 57574K, committed 57688K, reserved 1099776K
  class space    used 6981K, capacity 7416K, committed 7512K, reserved 1048576K
}
Event: 47.248 GC heap before
{Heap before GC invocations=18 (full 2):
 PSYoungGen      total 244224K, used 35893K [0x00000000d6180000, 0x00000000ead80000, 0x0000000100000000)
  eden space 229888K, 11% used [0x00000000d6180000,0x00000000d7c02968,0x00000000e4200000)
  from space 14336K, 61% used [0x00000000e4200000,0x00000000e4a8aad0,0x00000000e5000000)
  to   space 14336K, 0% used [0x00000000e9f80000,0x00000000e9f80000,0x00000000ead80000)
 ParOldGen       total 81920K, used 34592K [0x0000000082400000, 0x0000000087400000, 0x00000000d6180000)
  object space 81920K, 42% used [0x0000000082400000,0x00000000845c8108,0x0000000087400000)
 Metaspace       used 56730K, capacity 58854K, committed 59028K, reserved 1101824K
  class space    used 7169K, capacity 7584K, committed 7640K, reserved 1048576K
Event: 47.286 GC heap after
Heap after GC invocations=18 (full 2):
 PSYoungGen      total 325120K, used 1584K [0x00000000d6180000, 0x00000000eb180000, 0x0000000100000000)
  eden space 310784K, 0% used [0x00000000d6180000,0x00000000d6180000,0x00000000e9100000)
  from space 14336K, 11% used [0x00000000e9f80000,0x00000000ea10c3c0,0x00000000ead80000)
  to   space 14848K, 0% used [0x00000000e9100000,0x00000000e9100000,0x00000000e9f80000)
 ParOldGen       total 81920K, used 41380K [0x0000000082400000, 0x0000000087400000, 0x00000000d6180000)
  object space 81920K, 50% used [0x0000000082400000,0x0000000084c691a8,0x0000000087400000)
 Metaspace       used 56730K, capacity 58854K, committed 59028K, reserved 1101824K
  class space    used 7169K, capacity 7584K, committed 7640K, reserved 1048576K
}
Event: 47.286 GC heap before
{Heap before GC invocations=19 (full 3):
 PSYoungGen      total 325120K, used 1584K [0x00000000d6180000, 0x00000000eb180000, 0x0000000100000000)
  eden space 310784K, 0% used [0x00000000d6180000,0x00000000d6180000,0x00000000e9100000)
  from space 14336K, 11% used [0x00000000e9f80000,0x00000000ea10c3c0,0x00000000ead80000)
  to   space 14848K, 0% used [0x00000000e9100000,0x00000000e9100000,0x00000000e9f80000)
 ParOldGen       total 81920K, used 41380K [0x0000000082400000, 0x0000000087400000, 0x00000000d6180000)
  object space 81920K, 50% used [0x0000000082400000,0x0000000084c691a8,0x0000000087400000)
 Metaspace       used 56730K, capacity 58854K, committed 59028K, reserved 1101824K
  class space    used 7169K, capacity 7584K, committed 7640K, reserved 1048576K
Event: 48.149 GC heap after
Heap after GC invocations=19 (full 3):
 PSYoungGen      total 325120K, used 0K [0x00000000d6180000, 0x00000000eb180000, 0x0000000100000000)
  eden space 310784K, 0% used [0x00000000d6180000,0x00000000d6180000,0x00000000e9100000)
  from space 14336K, 0% used [0x00000000e9f80000,0x00000000e9f80000,0x00000000ead80000)
  to   space 14848K, 0% used [0x00000000e9100000,0x00000000e9100000,0x00000000e9f80000)
 ParOldGen       total 81920K, used 40524K [0x0000000082400000, 0x0000000087400000, 0x00000000d6180000)
  object space 81920K, 49% used [0x0000000082400000,0x0000000084b93248,0x0000000087400000)
 Metaspace       used 56730K, capacity 58854K, committed 59028K, reserved 1101824K
  class space    used 7169K, capacity 7584K, committed 7640K, reserved 1048576K
}

